2025-08-11 13:35:39,126 DEBUG    root            Loaded Command Group: ['gcloud', 'components']
2025-08-11 13:35:39,128 DEBUG    root            Loaded Command Group: ['gcloud', 'components', 'update']
2025-08-11 13:35:39,130 DEBUG    root            Running [gcloud.components.update] with arguments: [--quiet: "True", COMPONENT-IDS:8: "['gcloud', 'core', 'bq', 'gsutil', 'compute', 'preview', 'alpha', 'beta']"]
2025-08-11 13:35:39,131 INFO     ___FILE_ONLY___ Beginning update. This process may take several minutes.

2025-08-11 13:35:39,140 DEBUG    urllib3.connectionpool Starting new HTTPS connection (1): dl.google.com:443
2025-08-11 13:35:40,050 DEBUG    urllib3.connectionpool https://dl.google.com:443 "GET /dl/cloudsdk/channels/rapid/components-2.json HTTP/11" 200 239806
2025-08-11 13:35:40,064 WARNING  root            Component [compute] no longer exists.
2025-08-11 13:35:40,065 INFO     ___FILE_ONLY___ 

2025-08-11 13:35:40,065 INFO     ___FILE_ONLY___ 
Your current Google Cloud CLI version is: 533.0.0

2025-08-11 13:35:40,065 INFO     ___FILE_ONLY___ Installing components from version: 533.0.0

2025-08-11 13:35:40,065 INFO     ___FILE_ONLY___ 

2025-08-11 13:35:40,066 DEBUG    root            Chosen display Format:table[box,title="These components will be removed."](details.display_name:label=Name:align=left,version.version_string:label=Version:align=right,data.size.size(zero="",min=1048576):label=Size:align=right)
2025-08-11 13:35:40,066 DEBUG    root            Chosen display Format:table[box,title="These components will be updated."](details.display_name:label=Name:align=left,version.version_string:label=Version:align=right,data.size.size(zero="",min=1048576):label=Size:align=right)
2025-08-11 13:35:40,067 DEBUG    root            Chosen display Format:table[box,title="These components will be installed."](details.display_name:label=Name:align=left,version.version_string:label=Version:align=right,data.size.size(zero="",min=1048576):label=Size:align=right)
2025-08-11 13:35:40,081 INFO     ___FILE_ONLY___ ┌────────────────────────────────────────────────┐
2025-08-11 13:35:40,081 INFO     ___FILE_ONLY___ 

2025-08-11 13:35:40,081 INFO     ___FILE_ONLY___ │      These components will be installed.       │
2025-08-11 13:35:40,081 INFO     ___FILE_ONLY___ 

2025-08-11 13:35:40,081 INFO     ___FILE_ONLY___ ├─────────────────────────┬────────────┬─────────┤
2025-08-11 13:35:40,081 INFO     ___FILE_ONLY___ 

2025-08-11 13:35:40,081 INFO     ___FILE_ONLY___ │           Name          │  Version   │   Size  │
2025-08-11 13:35:40,081 INFO     ___FILE_ONLY___ 

2025-08-11 13:35:40,081 INFO     ___FILE_ONLY___ ├─────────────────────────┼────────────┼─────────┤
2025-08-11 13:35:40,081 INFO     ___FILE_ONLY___ 

2025-08-11 13:35:40,082 INFO     ___FILE_ONLY___ │ 
2025-08-11 13:35:40,082 INFO     ___FILE_ONLY___ gcloud Alpha Commands  
2025-08-11 13:35:40,082 INFO     ___FILE_ONLY___  
2025-08-11 13:35:40,082 INFO     ___FILE_ONLY___ │ 
2025-08-11 13:35:40,082 INFO     ___FILE_ONLY___ 2025.08.01
2025-08-11 13:35:40,082 INFO     ___FILE_ONLY___  
2025-08-11 13:35:40,082 INFO     ___FILE_ONLY___ │ 
2025-08-11 13:35:40,082 INFO     ___FILE_ONLY___ < 1 MiB
2025-08-11 13:35:40,082 INFO     ___FILE_ONLY___  
2025-08-11 13:35:40,082 INFO     ___FILE_ONLY___ │
2025-08-11 13:35:40,082 INFO     ___FILE_ONLY___ 

2025-08-11 13:35:40,082 INFO     ___FILE_ONLY___ │ 
2025-08-11 13:35:40,083 INFO     ___FILE_ONLY___ gcloud Beta Commands   
2025-08-11 13:35:40,083 INFO     ___FILE_ONLY___  
2025-08-11 13:35:40,083 INFO     ___FILE_ONLY___ │ 
2025-08-11 13:35:40,083 INFO     ___FILE_ONLY___ 2025.08.01
2025-08-11 13:35:40,083 INFO     ___FILE_ONLY___  
2025-08-11 13:35:40,083 INFO     ___FILE_ONLY___ │ 
2025-08-11 13:35:40,083 INFO     ___FILE_ONLY___ < 1 MiB
2025-08-11 13:35:40,083 INFO     ___FILE_ONLY___  
2025-08-11 13:35:40,083 INFO     ___FILE_ONLY___ │
2025-08-11 13:35:40,083 INFO     ___FILE_ONLY___ 

2025-08-11 13:35:40,083 INFO     ___FILE_ONLY___ │ 
2025-08-11 13:35:40,083 INFO     ___FILE_ONLY___ gcloud Preview Commands
2025-08-11 13:35:40,084 INFO     ___FILE_ONLY___  
2025-08-11 13:35:40,084 INFO     ___FILE_ONLY___ │ 
2025-08-11 13:35:40,084 INFO     ___FILE_ONLY___           
2025-08-11 13:35:40,084 INFO     ___FILE_ONLY___  
2025-08-11 13:35:40,084 INFO     ___FILE_ONLY___ │ 
2025-08-11 13:35:40,084 INFO     ___FILE_ONLY___ < 1 MiB
2025-08-11 13:35:40,084 INFO     ___FILE_ONLY___  
2025-08-11 13:35:40,084 INFO     ___FILE_ONLY___ │
2025-08-11 13:35:40,084 INFO     ___FILE_ONLY___ 

2025-08-11 13:35:40,084 INFO     ___FILE_ONLY___ └─────────────────────────┴────────────┴─────────┘
2025-08-11 13:35:40,084 INFO     ___FILE_ONLY___ 

2025-08-11 13:35:40,084 INFO     ___FILE_ONLY___ 

2025-08-11 13:35:40,088 DEBUG    urllib3.connectionpool Starting new HTTPS connection (1): dl.google.com:443
2025-08-11 13:35:41,076 DEBUG    urllib3.connectionpool https://dl.google.com:443 "GET /dl/cloudsdk/channels/rapid/RELEASE_NOTES HTTP/11" 200 1462763
2025-08-11 13:35:41,547 INFO     ___FILE_ONLY___ For the latest full release notes, please visit:
  https://cloud.google.com/sdk/release_notes


2025-08-11 13:35:41,547 INFO     ___FILE_ONLY___ Performing in place update...


2025-08-11 13:35:41,549 INFO     ___FILE_ONLY___ ╔════════════════════════════════════════════════════════════╗

2025-08-11 13:35:41,550 INFO     ___FILE_ONLY___ ╠═ Downloading: gcloud Alpha Commands                       ═╣

2025-08-11 13:35:41,550 INFO     ___FILE_ONLY___ ╚
2025-08-11 13:35:41,553 DEBUG    urllib3.connectionpool Starting new HTTPS connection (1): dl.google.com:443
2025-08-11 13:35:42,522 DEBUG    urllib3.connectionpool https://dl.google.com:443 "GET /dl/cloudsdk/channels/rapid/components/google-cloud-sdk-alpha-20250801150402.tar.gz HTTP/11" 200 800
2025-08-11 13:35:42,522 INFO     ___FILE_ONLY___ ════════════════════════════════════════════════════════════
2025-08-11 13:35:42,523 INFO     ___FILE_ONLY___ ╝

2025-08-11 13:35:42,525 INFO     ___FILE_ONLY___ ╔════════════════════════════════════════════════════════════╗

2025-08-11 13:35:42,525 INFO     ___FILE_ONLY___ ╠═ Downloading: gcloud Beta Commands                        ═╣

2025-08-11 13:35:42,525 INFO     ___FILE_ONLY___ ╚
2025-08-11 13:35:42,528 DEBUG    urllib3.connectionpool Starting new HTTPS connection (1): dl.google.com:443
2025-08-11 13:35:43,464 DEBUG    urllib3.connectionpool https://dl.google.com:443 "GET /dl/cloudsdk/channels/rapid/components/google-cloud-sdk-beta-20250801150402.tar.gz HTTP/11" 200 797
2025-08-11 13:35:43,504 INFO     ___FILE_ONLY___ ════════════════════════════════════════════════════════════
2025-08-11 13:35:43,504 INFO     ___FILE_ONLY___ ╝

2025-08-11 13:35:43,506 INFO     ___FILE_ONLY___ ╔════════════════════════════════════════════════════════════╗

2025-08-11 13:35:43,506 INFO     ___FILE_ONLY___ ╠═ Downloading: gcloud Preview Commands                     ═╣

2025-08-11 13:35:43,506 INFO     ___FILE_ONLY___ ╚
2025-08-11 13:35:43,509 DEBUG    urllib3.connectionpool Starting new HTTPS connection (1): dl.google.com:443
2025-08-11 13:35:44,445 DEBUG    urllib3.connectionpool https://dl.google.com:443 "GET /dl/cloudsdk/channels/rapid/components/google-cloud-sdk-preview-20241115154308.tar.gz HTTP/11" 200 823
2025-08-11 13:35:44,446 INFO     ___FILE_ONLY___ ════════════════════════════════════════════════════════════
2025-08-11 13:35:44,446 INFO     ___FILE_ONLY___ ╝

2025-08-11 13:35:44,448 INFO     ___FILE_ONLY___ ╔════════════════════════════════════════════════════════════╗

2025-08-11 13:35:44,448 INFO     ___FILE_ONLY___ ╠═ Installing: gcloud Alpha Commands                        ═╣

2025-08-11 13:35:44,448 INFO     ___FILE_ONLY___ ╚
2025-08-11 13:35:44,449 INFO     ___FILE_ONLY___ ════════════════════════════════════════════════════════════
2025-08-11 13:35:44,450 INFO     ___FILE_ONLY___ ╝

2025-08-11 13:35:44,455 INFO     ___FILE_ONLY___ ╔════════════════════════════════════════════════════════════╗

2025-08-11 13:35:44,455 INFO     ___FILE_ONLY___ ╠═ Installing: gcloud Beta Commands                         ═╣

2025-08-11 13:35:44,455 INFO     ___FILE_ONLY___ ╚
2025-08-11 13:35:44,456 INFO     ___FILE_ONLY___ ════════════════════════════════════════════════════════════
2025-08-11 13:35:44,456 INFO     ___FILE_ONLY___ ╝

2025-08-11 13:35:44,461 INFO     ___FILE_ONLY___ ╔════════════════════════════════════════════════════════════╗

2025-08-11 13:35:44,461 INFO     ___FILE_ONLY___ ╠═ Installing: gcloud Preview Commands                      ═╣

2025-08-11 13:35:44,461 INFO     ___FILE_ONLY___ ╚
2025-08-11 13:35:44,462 INFO     ___FILE_ONLY___ ════════════════════════════════════════════════════════════
2025-08-11 13:35:44,462 INFO     ___FILE_ONLY___ ╝

2025-08-11 13:35:44,467 DEBUG    root            Updating notification cache...
2025-08-11 13:35:44,468 INFO     ___FILE_ONLY___ 

2025-08-11 13:35:44,470 INFO     ___FILE_ONLY___ Performing post processing steps...
2025-08-11 13:35:44,470 DEBUG    root            Executing command: ['/tools/google-cloud-sdk/bin/gcloud', 'components', 'post-process']
2025-08-11 13:35:53,538 DEBUG    ___FILE_ONLY___ 
2025-08-11 13:35:53,538 DEBUG    ___FILE_ONLY___ 
2025-08-11 13:35:53,733 INFO     root            descriptor_list: [{'universeDomain': 'googleapis.com', 'universeShortName': '', 'authenticationDomain': 'auth.cloud.google.com', 'projectPrefix': '', 'cloudWebDomain': 'cloud.google.com', 'documentationDomain': 'cloud.google.com', 'version': '1.0.0', 'state': 'primary', 'artifactRegistryDomain': 'pkg.dev'}]
2025-08-11 13:35:53,733 INFO     ___FILE_ONLY___ 
Update done!


2025-08-11 13:35:53,736 DEBUG    root            Chosen display Format:none
2025-08-11 13:35:53,736 INFO     root            Display format: "none"
