2025-08-11 13:35:14,230 DEBUG    root            Loaded Command Group: ['gcloud', 'components']
2025-08-11 13:35:14,234 DEBUG    root            Loaded Command Group: ['gcloud', 'components', 'update']
2025-08-11 13:35:14,237 DEBUG    root            Running [gcloud.components.update] with arguments: [--compile-python: "True", --quiet: "True", COMPONENT-IDS:6: "['core', 'gcloud-deps', 'bq', 'gcloud', 'gcloud-crc32c', 'gsutil']"]
2025-08-11 13:35:14,238 INFO     ___FILE_ONLY___ Beginning update. This process may take several minutes.

2025-08-11 13:35:14,279 DEBUG    urllib3.connectionpool Starting new HTTPS connection (1): dl.google.com:443
2025-08-11 13:35:15,213 DEBUG    urllib3.connectionpool https://dl.google.com:443 "GET /dl/cloudsdk/channels/rapid/components-2.json HTTP/11" 200 239806
2025-08-11 13:35:15,223 INFO     ___FILE_ONLY___ 

2025-08-11 13:35:15,224 INFO     ___FILE_ONLY___ 
Your current Google Cloud CLI version is: 533.0.0

2025-08-11 13:35:15,224 INFO     ___FILE_ONLY___ Installing components from version: 533.0.0

2025-08-11 13:35:15,224 INFO     ___FILE_ONLY___ 

2025-08-11 13:35:15,224 DEBUG    root            Chosen display Format:table[box,title="These components will be removed."](details.display_name:label=Name:align=left,version.version_string:label=Version:align=right,data.size.size(zero="",min=1048576):label=Size:align=right)
2025-08-11 13:35:15,225 DEBUG    root            Chosen display Format:table[box,title="These components will be updated."](details.display_name:label=Name:align=left,version.version_string:label=Version:align=right,data.size.size(zero="",min=1048576):label=Size:align=right)
2025-08-11 13:35:15,225 DEBUG    root            Chosen display Format:table[box,title="These components will be installed."](details.display_name:label=Name:align=left,version.version_string:label=Version:align=right,data.size.size(zero="",min=1048576):label=Size:align=right)
2025-08-11 13:35:15,264 INFO     ___FILE_ONLY___ ┌─────────────────────────────────────────────────────────────────────────────┐
2025-08-11 13:35:15,264 INFO     ___FILE_ONLY___ 

2025-08-11 13:35:15,264 INFO     ___FILE_ONLY___ │                     These components will be installed.                     │
2025-08-11 13:35:15,264 INFO     ___FILE_ONLY___ 

2025-08-11 13:35:15,264 INFO     ___FILE_ONLY___ ├─────────────────────────────────────────────────────┬────────────┬──────────┤
2025-08-11 13:35:15,264 INFO     ___FILE_ONLY___ 

2025-08-11 13:35:15,264 INFO     ___FILE_ONLY___ │                         Name                        │  Version   │   Size   │
2025-08-11 13:35:15,264 INFO     ___FILE_ONLY___ 

2025-08-11 13:35:15,264 INFO     ___FILE_ONLY___ ├─────────────────────────────────────────────────────┼────────────┼──────────┤
2025-08-11 13:35:15,264 INFO     ___FILE_ONLY___ 

2025-08-11 13:35:15,264 INFO     ___FILE_ONLY___ │ 
2025-08-11 13:35:15,265 INFO     ___FILE_ONLY___ BigQuery Command Line Tool                         
2025-08-11 13:35:15,265 INFO     ___FILE_ONLY___  
2025-08-11 13:35:15,265 INFO     ___FILE_ONLY___ │ 
2025-08-11 13:35:15,265 INFO     ___FILE_ONLY___     2.1.22
2025-08-11 13:35:15,265 INFO     ___FILE_ONLY___  
2025-08-11 13:35:15,265 INFO     ___FILE_ONLY___ │ 
2025-08-11 13:35:15,265 INFO     ___FILE_ONLY___  1.8 MiB
2025-08-11 13:35:15,265 INFO     ___FILE_ONLY___  
2025-08-11 13:35:15,265 INFO     ___FILE_ONLY___ │
2025-08-11 13:35:15,265 INFO     ___FILE_ONLY___ 

2025-08-11 13:35:15,265 INFO     ___FILE_ONLY___ │ 
2025-08-11 13:35:15,265 INFO     ___FILE_ONLY___ BigQuery Command Line Tool (Platform Specific)     
2025-08-11 13:35:15,265 INFO     ___FILE_ONLY___  
2025-08-11 13:35:15,265 INFO     ___FILE_ONLY___ │ 
2025-08-11 13:35:15,265 INFO     ___FILE_ONLY___     2.1.17
2025-08-11 13:35:15,265 INFO     ___FILE_ONLY___  
2025-08-11 13:35:15,265 INFO     ___FILE_ONLY___ │ 
2025-08-11 13:35:15,265 INFO     ___FILE_ONLY___  < 1 MiB
2025-08-11 13:35:15,265 INFO     ___FILE_ONLY___  
2025-08-11 13:35:15,265 INFO     ___FILE_ONLY___ │
2025-08-11 13:35:15,266 INFO     ___FILE_ONLY___ 

2025-08-11 13:35:15,266 INFO     ___FILE_ONLY___ │ 
2025-08-11 13:35:15,266 INFO     ___FILE_ONLY___ Bundled Python 3.12 (Platform Specific)            
2025-08-11 13:35:15,266 INFO     ___FILE_ONLY___  
2025-08-11 13:35:15,266 INFO     ___FILE_ONLY___ │ 
2025-08-11 13:35:15,266 INFO     ___FILE_ONLY___     3.12.9
2025-08-11 13:35:15,266 INFO     ___FILE_ONLY___  
2025-08-11 13:35:15,266 INFO     ___FILE_ONLY___ │ 
2025-08-11 13:35:15,266 INFO     ___FILE_ONLY___ 89.3 MiB
2025-08-11 13:35:15,266 INFO     ___FILE_ONLY___  
2025-08-11 13:35:15,266 INFO     ___FILE_ONLY___ │
2025-08-11 13:35:15,266 INFO     ___FILE_ONLY___ 

2025-08-11 13:35:15,266 INFO     ___FILE_ONLY___ │ 
2025-08-11 13:35:15,266 INFO     ___FILE_ONLY___ Cloud Storage Command Line Tool                    
2025-08-11 13:35:15,266 INFO     ___FILE_ONLY___  
2025-08-11 13:35:15,266 INFO     ___FILE_ONLY___ │ 
2025-08-11 13:35:15,266 INFO     ___FILE_ONLY___       5.35
2025-08-11 13:35:15,266 INFO     ___FILE_ONLY___  
2025-08-11 13:35:15,266 INFO     ___FILE_ONLY___ │ 
2025-08-11 13:35:15,266 INFO     ___FILE_ONLY___ 12.4 MiB
2025-08-11 13:35:15,266 INFO     ___FILE_ONLY___  
2025-08-11 13:35:15,267 INFO     ___FILE_ONLY___ │
2025-08-11 13:35:15,267 INFO     ___FILE_ONLY___ 

2025-08-11 13:35:15,267 INFO     ___FILE_ONLY___ │ 
2025-08-11 13:35:15,267 INFO     ___FILE_ONLY___ Cloud Storage Command Line Tool (Platform Specific)
2025-08-11 13:35:15,267 INFO     ___FILE_ONLY___  
2025-08-11 13:35:15,267 INFO     ___FILE_ONLY___ │ 
2025-08-11 13:35:15,267 INFO     ___FILE_ONLY___       5.34
2025-08-11 13:35:15,267 INFO     ___FILE_ONLY___  
2025-08-11 13:35:15,267 INFO     ___FILE_ONLY___ │ 
2025-08-11 13:35:15,267 INFO     ___FILE_ONLY___  < 1 MiB
2025-08-11 13:35:15,267 INFO     ___FILE_ONLY___  
2025-08-11 13:35:15,267 INFO     ___FILE_ONLY___ │
2025-08-11 13:35:15,267 INFO     ___FILE_ONLY___ 

2025-08-11 13:35:15,267 INFO     ___FILE_ONLY___ │ 
2025-08-11 13:35:15,267 INFO     ___FILE_ONLY___ Google Cloud CLI Core Libraries (Platform Specific)
2025-08-11 13:35:15,267 INFO     ___FILE_ONLY___  
2025-08-11 13:35:15,267 INFO     ___FILE_ONLY___ │ 
2025-08-11 13:35:15,267 INFO     ___FILE_ONLY___ 2025.05.23
2025-08-11 13:35:15,267 INFO     ___FILE_ONLY___  
2025-08-11 13:35:15,267 INFO     ___FILE_ONLY___ │ 
2025-08-11 13:35:15,267 INFO     ___FILE_ONLY___  < 1 MiB
2025-08-11 13:35:15,268 INFO     ___FILE_ONLY___  
2025-08-11 13:35:15,268 INFO     ___FILE_ONLY___ │
2025-08-11 13:35:15,268 INFO     ___FILE_ONLY___ 

2025-08-11 13:35:15,268 INFO     ___FILE_ONLY___ │ 
2025-08-11 13:35:15,268 INFO     ___FILE_ONLY___ Google Cloud CRC32C Hash Tool (Platform Specific)  
2025-08-11 13:35:15,268 INFO     ___FILE_ONLY___  
2025-08-11 13:35:15,268 INFO     ___FILE_ONLY___ │ 
2025-08-11 13:35:15,268 INFO     ___FILE_ONLY___      1.0.0
2025-08-11 13:35:15,268 INFO     ___FILE_ONLY___  
2025-08-11 13:35:15,268 INFO     ___FILE_ONLY___ │ 
2025-08-11 13:35:15,268 INFO     ___FILE_ONLY___  1.5 MiB
2025-08-11 13:35:15,268 INFO     ___FILE_ONLY___  
2025-08-11 13:35:15,268 INFO     ___FILE_ONLY___ │
2025-08-11 13:35:15,268 INFO     ___FILE_ONLY___ 

2025-08-11 13:35:15,268 INFO     ___FILE_ONLY___ │ 
2025-08-11 13:35:15,268 INFO     ___FILE_ONLY___ gcloud cli dependencies (Platform Specific)        
2025-08-11 13:35:15,268 INFO     ___FILE_ONLY___  
2025-08-11 13:35:15,268 INFO     ___FILE_ONLY___ │ 
2025-08-11 13:35:15,268 INFO     ___FILE_ONLY___ 2021.04.16
2025-08-11 13:35:15,268 INFO     ___FILE_ONLY___  
2025-08-11 13:35:15,268 INFO     ___FILE_ONLY___ │ 
2025-08-11 13:35:15,269 INFO     ___FILE_ONLY___  < 1 MiB
2025-08-11 13:35:15,269 INFO     ___FILE_ONLY___  
2025-08-11 13:35:15,269 INFO     ___FILE_ONLY___ │
2025-08-11 13:35:15,269 INFO     ___FILE_ONLY___ 

2025-08-11 13:35:15,269 INFO     ___FILE_ONLY___ └─────────────────────────────────────────────────────┴────────────┴──────────┘
2025-08-11 13:35:15,269 INFO     ___FILE_ONLY___ 

2025-08-11 13:35:15,269 INFO     ___FILE_ONLY___ 

2025-08-11 13:35:15,272 DEBUG    urllib3.connectionpool Starting new HTTPS connection (1): dl.google.com:443
2025-08-11 13:35:15,438 DEBUG    urllib3.connectionpool https://dl.google.com:443 "GET /dl/cloudsdk/channels/rapid/RELEASE_NOTES HTTP/11" 200 1462763
2025-08-11 13:35:15,913 INFO     ___FILE_ONLY___ For the latest full release notes, please visit:
  https://cloud.google.com/sdk/release_notes


2025-08-11 13:35:15,914 INFO     ___FILE_ONLY___ Performing in place update...


2025-08-11 13:35:15,916 INFO     ___FILE_ONLY___ ╔════════════════════════════════════════════════════════════╗

2025-08-11 13:35:15,916 INFO     ___FILE_ONLY___ ╠═ Downloading: BigQuery Command Line Tool                  ═╣

2025-08-11 13:35:15,916 INFO     ___FILE_ONLY___ ╚
2025-08-11 13:35:15,919 DEBUG    urllib3.connectionpool Starting new HTTPS connection (1): dl.google.com:443
2025-08-11 13:35:16,081 DEBUG    urllib3.connectionpool https://dl.google.com:443 "GET /dl/cloudsdk/channels/rapid/components/google-cloud-sdk-bq-20250801150402.tar.gz HTTP/11" 200 1856357
2025-08-11 13:35:16,093 INFO     ___FILE_ONLY___ ═
2025-08-11 13:35:16,093 INFO     ___FILE_ONLY___ ═
2025-08-11 13:35:16,093 INFO     ___FILE_ONLY___ ═
2025-08-11 13:35:16,093 INFO     ___FILE_ONLY___ ═
2025-08-11 13:35:16,093 INFO     ___FILE_ONLY___ ═
2025-08-11 13:35:16,093 INFO     ___FILE_ONLY___ ═
2025-08-11 13:35:16,094 INFO     ___FILE_ONLY___ ═
2025-08-11 13:35:16,094 INFO     ___FILE_ONLY___ ═
2025-08-11 13:35:16,094 INFO     ___FILE_ONLY___ ═
2025-08-11 13:35:16,094 INFO     ___FILE_ONLY___ ═
2025-08-11 13:35:16,094 INFO     ___FILE_ONLY___ ═
2025-08-11 13:35:16,094 INFO     ___FILE_ONLY___ ═
2025-08-11 13:35:16,094 INFO     ___FILE_ONLY___ ═
2025-08-11 13:35:16,094 INFO     ___FILE_ONLY___ ═
2025-08-11 13:35:16,094 INFO     ___FILE_ONLY___ ═
2025-08-11 13:35:16,094 INFO     ___FILE_ONLY___ ═
2025-08-11 13:35:16,094 INFO     ___FILE_ONLY___ ═
2025-08-11 13:35:16,095 INFO     ___FILE_ONLY___ ═
2025-08-11 13:35:16,095 INFO     ___FILE_ONLY___ ═
2025-08-11 13:35:16,095 INFO     ___FILE_ONLY___ ═
2025-08-11 13:35:16,095 INFO     ___FILE_ONLY___ ═
2025-08-11 13:35:16,095 INFO     ___FILE_ONLY___ ═
2025-08-11 13:35:16,095 INFO     ___FILE_ONLY___ ═
2025-08-11 13:35:16,095 INFO     ___FILE_ONLY___ ═
2025-08-11 13:35:16,095 INFO     ___FILE_ONLY___ ═
2025-08-11 13:35:16,095 INFO     ___FILE_ONLY___ ═
2025-08-11 13:35:16,095 INFO     ___FILE_ONLY___ ═
2025-08-11 13:35:16,095 INFO     ___FILE_ONLY___ ═
2025-08-11 13:35:16,096 INFO     ___FILE_ONLY___ ═
2025-08-11 13:35:16,096 INFO     ___FILE_ONLY___ ═
2025-08-11 13:35:16,096 INFO     ___FILE_ONLY___ ═
2025-08-11 13:35:16,096 INFO     ___FILE_ONLY___ ═
2025-08-11 13:35:16,096 INFO     ___FILE_ONLY___ ═
2025-08-11 13:35:16,096 INFO     ___FILE_ONLY___ ═
2025-08-11 13:35:16,096 INFO     ___FILE_ONLY___ ═
2025-08-11 13:35:16,096 INFO     ___FILE_ONLY___ ═
2025-08-11 13:35:16,096 INFO     ___FILE_ONLY___ ═
2025-08-11 13:35:16,096 INFO     ___FILE_ONLY___ ═
2025-08-11 13:35:16,096 INFO     ___FILE_ONLY___ ═
2025-08-11 13:35:16,097 INFO     ___FILE_ONLY___ ═
2025-08-11 13:35:16,097 INFO     ___FILE_ONLY___ ═
2025-08-11 13:35:16,097 INFO     ___FILE_ONLY___ ═
2025-08-11 13:35:16,097 INFO     ___FILE_ONLY___ ═
2025-08-11 13:35:16,097 INFO     ___FILE_ONLY___ ═
2025-08-11 13:35:16,097 INFO     ___FILE_ONLY___ ═
2025-08-11 13:35:16,097 INFO     ___FILE_ONLY___ ═
2025-08-11 13:35:16,097 INFO     ___FILE_ONLY___ ═
2025-08-11 13:35:16,097 INFO     ___FILE_ONLY___ ═
2025-08-11 13:35:16,097 INFO     ___FILE_ONLY___ ═
2025-08-11 13:35:16,098 INFO     ___FILE_ONLY___ ═
2025-08-11 13:35:16,098 INFO     ___FILE_ONLY___ ═
2025-08-11 13:35:16,098 INFO     ___FILE_ONLY___ ═
2025-08-11 13:35:16,098 INFO     ___FILE_ONLY___ ═
2025-08-11 13:35:16,098 INFO     ___FILE_ONLY___ ═
2025-08-11 13:35:16,098 INFO     ___FILE_ONLY___ ═
2025-08-11 13:35:16,098 INFO     ___FILE_ONLY___ ═
2025-08-11 13:35:16,098 INFO     ___FILE_ONLY___ ═
2025-08-11 13:35:16,098 INFO     ___FILE_ONLY___ ═
2025-08-11 13:35:16,098 INFO     ___FILE_ONLY___ ═
2025-08-11 13:35:16,098 INFO     ___FILE_ONLY___ ═
2025-08-11 13:35:16,098 INFO     ___FILE_ONLY___ ╝

2025-08-11 13:35:16,101 INFO     ___FILE_ONLY___ ╔════════════════════════════════════════════════════════════╗

2025-08-11 13:35:16,101 INFO     ___FILE_ONLY___ ╠═ Downloading: BigQuery Command Line Tool (Platform Spe... ═╣

2025-08-11 13:35:16,101 INFO     ___FILE_ONLY___ ╚
2025-08-11 13:35:16,104 DEBUG    urllib3.connectionpool Starting new HTTPS connection (1): dl.google.com:443
2025-08-11 13:35:17,054 DEBUG    urllib3.connectionpool https://dl.google.com:443 "GET /dl/cloudsdk/channels/rapid/components/google-cloud-sdk-bq-nix-20250523104322.tar.gz HTTP/11" 200 1935
2025-08-11 13:35:17,055 INFO     ___FILE_ONLY___ ════════════════════════════════════════════════════════════
2025-08-11 13:35:17,055 INFO     ___FILE_ONLY___ ╝

2025-08-11 13:35:17,057 INFO     ___FILE_ONLY___ ╔════════════════════════════════════════════════════════════╗

2025-08-11 13:35:17,057 INFO     ___FILE_ONLY___ ╠═ Downloading: Bundled Python 3.12                         ═╣

2025-08-11 13:35:17,057 INFO     ___FILE_ONLY___ ╚
2025-08-11 13:35:17,058 INFO     ___FILE_ONLY___ ════════════════════════════════════════════════════════════
2025-08-11 13:35:17,058 INFO     ___FILE_ONLY___ ╝

2025-08-11 13:35:17,060 INFO     ___FILE_ONLY___ ╔════════════════════════════════════════════════════════════╗

2025-08-11 13:35:17,060 INFO     ___FILE_ONLY___ ╠═ Downloading: Bundled Python 3.12 (Platform Specific)     ═╣

2025-08-11 13:35:17,060 INFO     ___FILE_ONLY___ ╚
2025-08-11 13:35:17,063 DEBUG    urllib3.connectionpool Starting new HTTPS connection (1): dl.google.com:443
2025-08-11 13:35:18,011 DEBUG    urllib3.connectionpool https://dl.google.com:443 "GET /dl/cloudsdk/channels/rapid/components/google-cloud-sdk-bundled-python3-unix-linux-x86_64-20250502143716.tar.gz HTTP/11" 200 93610468
2025-08-11 13:35:18,389 INFO     ___FILE_ONLY___ ═
2025-08-11 13:35:18,391 INFO     ___FILE_ONLY___ ═
2025-08-11 13:35:18,393 INFO     ___FILE_ONLY___ ═
2025-08-11 13:35:18,395 INFO     ___FILE_ONLY___ ═
2025-08-11 13:35:18,396 INFO     ___FILE_ONLY___ ═
2025-08-11 13:35:18,398 INFO     ___FILE_ONLY___ ═
2025-08-11 13:35:18,400 INFO     ___FILE_ONLY___ ═
2025-08-11 13:35:18,402 INFO     ___FILE_ONLY___ ═
2025-08-11 13:35:18,404 INFO     ___FILE_ONLY___ ═
2025-08-11 13:35:18,406 INFO     ___FILE_ONLY___ ═
2025-08-11 13:35:18,408 INFO     ___FILE_ONLY___ ═
2025-08-11 13:35:18,410 INFO     ___FILE_ONLY___ ═
2025-08-11 13:35:18,412 INFO     ___FILE_ONLY___ ═
2025-08-11 13:35:18,414 INFO     ___FILE_ONLY___ ═
2025-08-11 13:35:18,416 INFO     ___FILE_ONLY___ ═
2025-08-11 13:35:18,417 INFO     ___FILE_ONLY___ ═
2025-08-11 13:35:18,419 INFO     ___FILE_ONLY___ ═
2025-08-11 13:35:18,421 INFO     ___FILE_ONLY___ ═
2025-08-11 13:35:18,423 INFO     ___FILE_ONLY___ ═
2025-08-11 13:35:18,425 INFO     ___FILE_ONLY___ ═
2025-08-11 13:35:18,427 INFO     ___FILE_ONLY___ ═
2025-08-11 13:35:18,429 INFO     ___FILE_ONLY___ ═
2025-08-11 13:35:18,431 INFO     ___FILE_ONLY___ ═
2025-08-11 13:35:18,433 INFO     ___FILE_ONLY___ ═
2025-08-11 13:35:18,434 INFO     ___FILE_ONLY___ ═
2025-08-11 13:35:18,437 INFO     ___FILE_ONLY___ ═
2025-08-11 13:35:18,439 INFO     ___FILE_ONLY___ ═
2025-08-11 13:35:18,441 INFO     ___FILE_ONLY___ ═
2025-08-11 13:35:18,443 INFO     ___FILE_ONLY___ ═
2025-08-11 13:35:18,445 INFO     ___FILE_ONLY___ ═
2025-08-11 13:35:18,448 INFO     ___FILE_ONLY___ ═
2025-08-11 13:35:18,450 INFO     ___FILE_ONLY___ ═
2025-08-11 13:35:18,452 INFO     ___FILE_ONLY___ ═
2025-08-11 13:35:18,454 INFO     ___FILE_ONLY___ ═
2025-08-11 13:35:18,456 INFO     ___FILE_ONLY___ ═
2025-08-11 13:35:18,458 INFO     ___FILE_ONLY___ ═
2025-08-11 13:35:18,460 INFO     ___FILE_ONLY___ ═
2025-08-11 13:35:18,462 INFO     ___FILE_ONLY___ ═
2025-08-11 13:35:18,464 INFO     ___FILE_ONLY___ ═
2025-08-11 13:35:18,467 INFO     ___FILE_ONLY___ ═
2025-08-11 13:35:18,469 INFO     ___FILE_ONLY___ ═
2025-08-11 13:35:18,471 INFO     ___FILE_ONLY___ ═
2025-08-11 13:35:18,473 INFO     ___FILE_ONLY___ ═
2025-08-11 13:35:18,475 INFO     ___FILE_ONLY___ ═
2025-08-11 13:35:18,477 INFO     ___FILE_ONLY___ ═
2025-08-11 13:35:18,479 INFO     ___FILE_ONLY___ ═
2025-08-11 13:35:18,482 INFO     ___FILE_ONLY___ ═
2025-08-11 13:35:18,484 INFO     ___FILE_ONLY___ ═
2025-08-11 13:35:18,486 INFO     ___FILE_ONLY___ ═
2025-08-11 13:35:18,488 INFO     ___FILE_ONLY___ ═
2025-08-11 13:35:18,490 INFO     ___FILE_ONLY___ ═
2025-08-11 13:35:18,492 INFO     ___FILE_ONLY___ ═
2025-08-11 13:35:18,495 INFO     ___FILE_ONLY___ ═
2025-08-11 13:35:18,497 INFO     ___FILE_ONLY___ ═
2025-08-11 13:35:18,499 INFO     ___FILE_ONLY___ ═
2025-08-11 13:35:18,501 INFO     ___FILE_ONLY___ ═
2025-08-11 13:35:18,503 INFO     ___FILE_ONLY___ ═
2025-08-11 13:35:18,505 INFO     ___FILE_ONLY___ ═
2025-08-11 13:35:18,508 INFO     ___FILE_ONLY___ ═
2025-08-11 13:35:18,510 INFO     ___FILE_ONLY___ ═
2025-08-11 13:35:18,510 INFO     ___FILE_ONLY___ ╝

2025-08-11 13:35:18,512 INFO     ___FILE_ONLY___ ╔════════════════════════════════════════════════════════════╗

2025-08-11 13:35:18,513 INFO     ___FILE_ONLY___ ╠═ Downloading: Cloud Storage Command Line Tool             ═╣

2025-08-11 13:35:18,513 INFO     ___FILE_ONLY___ ╚
2025-08-11 13:35:18,516 DEBUG    urllib3.connectionpool Starting new HTTPS connection (1): dl.google.com:443
2025-08-11 13:35:19,482 DEBUG    urllib3.connectionpool https://dl.google.com:443 "GET /dl/cloudsdk/channels/rapid/components/google-cloud-sdk-gsutil-20250627154417.tar.gz HTTP/11" 200 12962791
2025-08-11 13:35:19,528 INFO     ___FILE_ONLY___ ═
2025-08-11 13:35:19,529 INFO     ___FILE_ONLY___ ═
2025-08-11 13:35:19,529 INFO     ___FILE_ONLY___ ═
2025-08-11 13:35:19,529 INFO     ___FILE_ONLY___ ═
2025-08-11 13:35:19,530 INFO     ___FILE_ONLY___ ═
2025-08-11 13:35:19,530 INFO     ___FILE_ONLY___ ═
2025-08-11 13:35:19,530 INFO     ___FILE_ONLY___ ═
2025-08-11 13:35:19,531 INFO     ___FILE_ONLY___ ═
2025-08-11 13:35:19,531 INFO     ___FILE_ONLY___ ═
2025-08-11 13:35:19,531 INFO     ___FILE_ONLY___ ═
2025-08-11 13:35:19,532 INFO     ___FILE_ONLY___ ═
2025-08-11 13:35:19,532 INFO     ___FILE_ONLY___ ═
2025-08-11 13:35:19,532 INFO     ___FILE_ONLY___ ═
2025-08-11 13:35:19,533 INFO     ___FILE_ONLY___ ═
2025-08-11 13:35:19,533 INFO     ___FILE_ONLY___ ═
2025-08-11 13:35:19,533 INFO     ___FILE_ONLY___ ═
2025-08-11 13:35:19,533 INFO     ___FILE_ONLY___ ═
2025-08-11 13:35:19,534 INFO     ___FILE_ONLY___ ═
2025-08-11 13:35:19,534 INFO     ___FILE_ONLY___ ═
2025-08-11 13:35:19,534 INFO     ___FILE_ONLY___ ═
2025-08-11 13:35:19,535 INFO     ___FILE_ONLY___ ═
2025-08-11 13:35:19,535 INFO     ___FILE_ONLY___ ═
2025-08-11 13:35:19,535 INFO     ___FILE_ONLY___ ═
2025-08-11 13:35:19,536 INFO     ___FILE_ONLY___ ═
2025-08-11 13:35:19,536 INFO     ___FILE_ONLY___ ═
2025-08-11 13:35:19,536 INFO     ___FILE_ONLY___ ═
2025-08-11 13:35:19,537 INFO     ___FILE_ONLY___ ═
2025-08-11 13:35:19,537 INFO     ___FILE_ONLY___ ═
2025-08-11 13:35:19,537 INFO     ___FILE_ONLY___ ═
2025-08-11 13:35:19,538 INFO     ___FILE_ONLY___ ═
2025-08-11 13:35:19,538 INFO     ___FILE_ONLY___ ═
2025-08-11 13:35:19,538 INFO     ___FILE_ONLY___ ═
2025-08-11 13:35:19,539 INFO     ___FILE_ONLY___ ═
2025-08-11 13:35:19,539 INFO     ___FILE_ONLY___ ═
2025-08-11 13:35:19,539 INFO     ___FILE_ONLY___ ═
2025-08-11 13:35:19,540 INFO     ___FILE_ONLY___ ═
2025-08-11 13:35:19,540 INFO     ___FILE_ONLY___ ═
2025-08-11 13:35:19,540 INFO     ___FILE_ONLY___ ═
2025-08-11 13:35:19,541 INFO     ___FILE_ONLY___ ═
2025-08-11 13:35:19,541 INFO     ___FILE_ONLY___ ═
2025-08-11 13:35:19,541 INFO     ___FILE_ONLY___ ═
2025-08-11 13:35:19,541 INFO     ___FILE_ONLY___ ═
2025-08-11 13:35:19,542 INFO     ___FILE_ONLY___ ═
2025-08-11 13:35:19,542 INFO     ___FILE_ONLY___ ═
2025-08-11 13:35:19,543 INFO     ___FILE_ONLY___ ═
2025-08-11 13:35:19,543 INFO     ___FILE_ONLY___ ═
2025-08-11 13:35:19,543 INFO     ___FILE_ONLY___ ═
2025-08-11 13:35:19,543 INFO     ___FILE_ONLY___ ═
2025-08-11 13:35:19,544 INFO     ___FILE_ONLY___ ═
2025-08-11 13:35:19,544 INFO     ___FILE_ONLY___ ═
2025-08-11 13:35:19,545 INFO     ___FILE_ONLY___ ═
2025-08-11 13:35:19,545 INFO     ___FILE_ONLY___ ═
2025-08-11 13:35:19,545 INFO     ___FILE_ONLY___ ═
2025-08-11 13:35:19,545 INFO     ___FILE_ONLY___ ═
2025-08-11 13:35:19,546 INFO     ___FILE_ONLY___ ═
2025-08-11 13:35:19,546 INFO     ___FILE_ONLY___ ═
2025-08-11 13:35:19,546 INFO     ___FILE_ONLY___ ═
2025-08-11 13:35:19,547 INFO     ___FILE_ONLY___ ═
2025-08-11 13:35:19,547 INFO     ___FILE_ONLY___ ═
2025-08-11 13:35:19,547 INFO     ___FILE_ONLY___ ═
2025-08-11 13:35:19,547 INFO     ___FILE_ONLY___ ╝

2025-08-11 13:35:19,550 INFO     ___FILE_ONLY___ ╔════════════════════════════════════════════════════════════╗

2025-08-11 13:35:19,550 INFO     ___FILE_ONLY___ ╠═ Downloading: Cloud Storage Command Line Tool (Platfor... ═╣

2025-08-11 13:35:19,550 INFO     ___FILE_ONLY___ ╚
2025-08-11 13:35:19,553 DEBUG    urllib3.connectionpool Starting new HTTPS connection (1): dl.google.com:443
2025-08-11 13:35:20,480 DEBUG    urllib3.connectionpool https://dl.google.com:443 "GET /dl/cloudsdk/channels/rapid/components/google-cloud-sdk-gsutil-nix-20250523104322.tar.gz HTTP/11" 200 1950
2025-08-11 13:35:20,481 INFO     ___FILE_ONLY___ ════════════════════════════════════════════════════════════
2025-08-11 13:35:20,481 INFO     ___FILE_ONLY___ ╝

2025-08-11 13:35:20,483 INFO     ___FILE_ONLY___ ╔════════════════════════════════════════════════════════════╗

2025-08-11 13:35:20,483 INFO     ___FILE_ONLY___ ╠═ Downloading: Default set of gcloud commands              ═╣

2025-08-11 13:35:20,483 INFO     ___FILE_ONLY___ ╚
2025-08-11 13:35:20,483 INFO     ___FILE_ONLY___ ════════════════════════════════════════════════════════════
2025-08-11 13:35:20,483 INFO     ___FILE_ONLY___ ╝

2025-08-11 13:35:20,485 INFO     ___FILE_ONLY___ ╔════════════════════════════════════════════════════════════╗

2025-08-11 13:35:20,485 INFO     ___FILE_ONLY___ ╠═ Downloading: Google Cloud CLI Core Libraries (Platfor... ═╣

2025-08-11 13:35:20,485 INFO     ___FILE_ONLY___ ╚
2025-08-11 13:35:20,490 DEBUG    urllib3.connectionpool Starting new HTTPS connection (1): dl.google.com:443
2025-08-11 13:35:21,398 DEBUG    urllib3.connectionpool https://dl.google.com:443 "GET /dl/cloudsdk/channels/rapid/components/google-cloud-sdk-core-nix-20250523104322.tar.gz HTTP/11" 200 2325
2025-08-11 13:35:21,399 INFO     ___FILE_ONLY___ ════════════════════════════════════════════════════════════
2025-08-11 13:35:21,399 INFO     ___FILE_ONLY___ ╝

2025-08-11 13:35:21,401 INFO     ___FILE_ONLY___ ╔════════════════════════════════════════════════════════════╗

2025-08-11 13:35:21,401 INFO     ___FILE_ONLY___ ╠═ Downloading: Google Cloud CRC32C Hash Tool               ═╣

2025-08-11 13:35:21,401 INFO     ___FILE_ONLY___ ╚
2025-08-11 13:35:21,401 INFO     ___FILE_ONLY___ ════════════════════════════════════════════════════════════
2025-08-11 13:35:21,401 INFO     ___FILE_ONLY___ ╝

2025-08-11 13:35:21,403 INFO     ___FILE_ONLY___ ╔════════════════════════════════════════════════════════════╗

2025-08-11 13:35:21,403 INFO     ___FILE_ONLY___ ╠═ Downloading: Google Cloud CRC32C Hash Tool (Platform ... ═╣

2025-08-11 13:35:21,403 INFO     ___FILE_ONLY___ ╚
2025-08-11 13:35:21,408 DEBUG    urllib3.connectionpool Starting new HTTPS connection (1): dl.google.com:443
2025-08-11 13:35:21,578 DEBUG    urllib3.connectionpool https://dl.google.com:443 "GET /dl/cloudsdk/channels/rapid/components/google-cloud-sdk-gcloud-crc32c-linux-x86_64-20250613150750.tar.gz HTTP/11" 200 1525557
2025-08-11 13:35:21,589 INFO     ___FILE_ONLY___ ═
2025-08-11 13:35:21,589 INFO     ___FILE_ONLY___ ═
2025-08-11 13:35:21,589 INFO     ___FILE_ONLY___ ═
2025-08-11 13:35:21,590 INFO     ___FILE_ONLY___ ═
2025-08-11 13:35:21,590 INFO     ___FILE_ONLY___ ═
2025-08-11 13:35:21,590 INFO     ___FILE_ONLY___ ═
2025-08-11 13:35:21,590 INFO     ___FILE_ONLY___ ═
2025-08-11 13:35:21,590 INFO     ___FILE_ONLY___ ═
2025-08-11 13:35:21,590 INFO     ___FILE_ONLY___ ═
2025-08-11 13:35:21,590 INFO     ___FILE_ONLY___ ═
2025-08-11 13:35:21,590 INFO     ___FILE_ONLY___ ═
2025-08-11 13:35:21,591 INFO     ___FILE_ONLY___ ═
2025-08-11 13:35:21,591 INFO     ___FILE_ONLY___ ═
2025-08-11 13:35:21,591 INFO     ___FILE_ONLY___ ═
2025-08-11 13:35:21,591 INFO     ___FILE_ONLY___ ═
2025-08-11 13:35:21,591 INFO     ___FILE_ONLY___ ═
2025-08-11 13:35:21,591 INFO     ___FILE_ONLY___ ═
2025-08-11 13:35:21,592 INFO     ___FILE_ONLY___ ═
2025-08-11 13:35:21,592 INFO     ___FILE_ONLY___ ═
2025-08-11 13:35:21,592 INFO     ___FILE_ONLY___ ═
2025-08-11 13:35:21,592 INFO     ___FILE_ONLY___ ═
2025-08-11 13:35:21,592 INFO     ___FILE_ONLY___ ═
2025-08-11 13:35:21,592 INFO     ___FILE_ONLY___ ═
2025-08-11 13:35:21,592 INFO     ___FILE_ONLY___ ═
2025-08-11 13:35:21,593 INFO     ___FILE_ONLY___ ═
2025-08-11 13:35:21,593 INFO     ___FILE_ONLY___ ═
2025-08-11 13:35:21,593 INFO     ___FILE_ONLY___ ═
2025-08-11 13:35:21,593 INFO     ___FILE_ONLY___ ═
2025-08-11 13:35:21,593 INFO     ___FILE_ONLY___ ═
2025-08-11 13:35:21,593 INFO     ___FILE_ONLY___ ═
2025-08-11 13:35:21,593 INFO     ___FILE_ONLY___ ═
2025-08-11 13:35:21,594 INFO     ___FILE_ONLY___ ═
2025-08-11 13:35:21,594 INFO     ___FILE_ONLY___ ═
2025-08-11 13:35:21,594 INFO     ___FILE_ONLY___ ═
2025-08-11 13:35:21,594 INFO     ___FILE_ONLY___ ═
2025-08-11 13:35:21,594 INFO     ___FILE_ONLY___ ═
2025-08-11 13:35:21,594 INFO     ___FILE_ONLY___ ═
2025-08-11 13:35:21,594 INFO     ___FILE_ONLY___ ═
2025-08-11 13:35:21,595 INFO     ___FILE_ONLY___ ═
2025-08-11 13:35:21,595 INFO     ___FILE_ONLY___ ═
2025-08-11 13:35:21,595 INFO     ___FILE_ONLY___ ═
2025-08-11 13:35:21,595 INFO     ___FILE_ONLY___ ═
2025-08-11 13:35:21,595 INFO     ___FILE_ONLY___ ═
2025-08-11 13:35:21,595 INFO     ___FILE_ONLY___ ═
2025-08-11 13:35:21,595 INFO     ___FILE_ONLY___ ═
2025-08-11 13:35:21,595 INFO     ___FILE_ONLY___ ═
2025-08-11 13:35:21,596 INFO     ___FILE_ONLY___ ═
2025-08-11 13:35:21,596 INFO     ___FILE_ONLY___ ═
2025-08-11 13:35:21,596 INFO     ___FILE_ONLY___ ═
2025-08-11 13:35:21,596 INFO     ___FILE_ONLY___ ═
2025-08-11 13:35:21,596 INFO     ___FILE_ONLY___ ═
2025-08-11 13:35:21,596 INFO     ___FILE_ONLY___ ═
2025-08-11 13:35:21,596 INFO     ___FILE_ONLY___ ═
2025-08-11 13:35:21,597 INFO     ___FILE_ONLY___ ═
2025-08-11 13:35:21,597 INFO     ___FILE_ONLY___ ═
2025-08-11 13:35:21,597 INFO     ___FILE_ONLY___ ═
2025-08-11 13:35:21,597 INFO     ___FILE_ONLY___ ═
2025-08-11 13:35:21,597 INFO     ___FILE_ONLY___ ═
2025-08-11 13:35:21,598 INFO     ___FILE_ONLY___ ═
2025-08-11 13:35:21,598 INFO     ___FILE_ONLY___ ═
2025-08-11 13:35:21,598 INFO     ___FILE_ONLY___ ╝

2025-08-11 13:35:21,600 INFO     ___FILE_ONLY___ ╔════════════════════════════════════════════════════════════╗

2025-08-11 13:35:21,600 INFO     ___FILE_ONLY___ ╠═ Downloading: gcloud cli dependencies (Platform Specific) ═╣

2025-08-11 13:35:21,600 INFO     ___FILE_ONLY___ ╚
2025-08-11 13:35:21,604 DEBUG    urllib3.connectionpool Starting new HTTPS connection (1): dl.google.com:443
2025-08-11 13:35:22,529 DEBUG    urllib3.connectionpool https://dl.google.com:443 "GET /dl/cloudsdk/channels/rapid/components/google-cloud-sdk-gcloud-deps-linux-x86_64-20210416153011.tar.gz HTTP/11" 200 104
2025-08-11 13:35:22,530 INFO     ___FILE_ONLY___ ════════════════════════════════════════════════════════════
2025-08-11 13:35:22,530 INFO     ___FILE_ONLY___ ╝

2025-08-11 13:35:22,532 INFO     ___FILE_ONLY___ ╔════════════════════════════════════════════════════════════╗

2025-08-11 13:35:22,532 INFO     ___FILE_ONLY___ ╠═ Installing: BigQuery Command Line Tool                   ═╣

2025-08-11 13:35:22,532 INFO     ___FILE_ONLY___ ╚
2025-08-11 13:35:22,626 INFO     ___FILE_ONLY___ ═
2025-08-11 13:35:22,629 INFO     ___FILE_ONLY___ ═
2025-08-11 13:35:22,631 INFO     ___FILE_ONLY___ ═
2025-08-11 13:35:22,634 INFO     ___FILE_ONLY___ ═
2025-08-11 13:35:22,637 INFO     ___FILE_ONLY___ ═
2025-08-11 13:35:22,639 INFO     ___FILE_ONLY___ ═
2025-08-11 13:35:22,642 INFO     ___FILE_ONLY___ ═
2025-08-11 13:35:22,643 INFO     ___FILE_ONLY___ ═
2025-08-11 13:35:22,646 INFO     ___FILE_ONLY___ ═
2025-08-11 13:35:22,648 INFO     ___FILE_ONLY___ ═
2025-08-11 13:35:22,650 INFO     ___FILE_ONLY___ ═
2025-08-11 13:35:22,652 INFO     ___FILE_ONLY___ ═
2025-08-11 13:35:22,654 INFO     ___FILE_ONLY___ ═
2025-08-11 13:35:22,657 INFO     ___FILE_ONLY___ ═
2025-08-11 13:35:22,658 INFO     ___FILE_ONLY___ ═
2025-08-11 13:35:22,661 INFO     ___FILE_ONLY___ ═
2025-08-11 13:35:22,664 INFO     ___FILE_ONLY___ ═
2025-08-11 13:35:22,665 INFO     ___FILE_ONLY___ ═
2025-08-11 13:35:22,668 INFO     ___FILE_ONLY___ ═
2025-08-11 13:35:22,671 INFO     ___FILE_ONLY___ ═
2025-08-11 13:35:22,674 INFO     ___FILE_ONLY___ ═
2025-08-11 13:35:22,676 INFO     ___FILE_ONLY___ ═
2025-08-11 13:35:22,678 INFO     ___FILE_ONLY___ ═
2025-08-11 13:35:22,680 INFO     ___FILE_ONLY___ ═
2025-08-11 13:35:22,682 INFO     ___FILE_ONLY___ ═
2025-08-11 13:35:22,684 INFO     ___FILE_ONLY___ ═
2025-08-11 13:35:22,686 INFO     ___FILE_ONLY___ ═
2025-08-11 13:35:22,688 INFO     ___FILE_ONLY___ ═
2025-08-11 13:35:22,691 INFO     ___FILE_ONLY___ ═
2025-08-11 13:35:22,694 INFO     ___FILE_ONLY___ ═
2025-08-11 13:35:22,696 INFO     ___FILE_ONLY___ ═
2025-08-11 13:35:22,699 INFO     ___FILE_ONLY___ ═
2025-08-11 13:35:22,700 INFO     ___FILE_ONLY___ ═
2025-08-11 13:35:22,704 INFO     ___FILE_ONLY___ ═
2025-08-11 13:35:22,706 INFO     ___FILE_ONLY___ ═
2025-08-11 13:35:22,714 INFO     ___FILE_ONLY___ ═
2025-08-11 13:35:22,719 INFO     ___FILE_ONLY___ ═
2025-08-11 13:35:22,724 INFO     ___FILE_ONLY___ ═
2025-08-11 13:35:22,726 INFO     ___FILE_ONLY___ ═
2025-08-11 13:35:22,728 INFO     ___FILE_ONLY___ ═
2025-08-11 13:35:22,731 INFO     ___FILE_ONLY___ ═
2025-08-11 13:35:22,733 INFO     ___FILE_ONLY___ ═
2025-08-11 13:35:22,736 INFO     ___FILE_ONLY___ ═
2025-08-11 13:35:22,740 INFO     ___FILE_ONLY___ ═
2025-08-11 13:35:22,742 INFO     ___FILE_ONLY___ ═
2025-08-11 13:35:22,744 INFO     ___FILE_ONLY___ ═
2025-08-11 13:35:22,746 INFO     ___FILE_ONLY___ ═
2025-08-11 13:35:22,749 INFO     ___FILE_ONLY___ ═
2025-08-11 13:35:22,750 INFO     ___FILE_ONLY___ ═
2025-08-11 13:35:22,753 INFO     ___FILE_ONLY___ ═
2025-08-11 13:35:22,755 INFO     ___FILE_ONLY___ ═
2025-08-11 13:35:22,757 INFO     ___FILE_ONLY___ ═
2025-08-11 13:35:22,759 INFO     ___FILE_ONLY___ ═
2025-08-11 13:35:22,762 INFO     ___FILE_ONLY___ ═
2025-08-11 13:35:22,764 INFO     ___FILE_ONLY___ ═
2025-08-11 13:35:22,766 INFO     ___FILE_ONLY___ ═
2025-08-11 13:35:22,768 INFO     ___FILE_ONLY___ ═
2025-08-11 13:35:22,770 INFO     ___FILE_ONLY___ ═
2025-08-11 13:35:22,772 INFO     ___FILE_ONLY___ ═
2025-08-11 13:35:22,774 INFO     ___FILE_ONLY___ ═
2025-08-11 13:35:22,774 INFO     ___FILE_ONLY___ ╝

2025-08-11 13:35:22,782 INFO     ___FILE_ONLY___ ╔════════════════════════════════════════════════════════════╗

2025-08-11 13:35:22,782 INFO     ___FILE_ONLY___ ╠═ Installing: BigQuery Command Line Tool (Platform Spec... ═╣

2025-08-11 13:35:22,782 INFO     ___FILE_ONLY___ ╚
2025-08-11 13:35:22,783 INFO     ___FILE_ONLY___ ════════════════════════════════════════════════════════════
2025-08-11 13:35:22,783 INFO     ___FILE_ONLY___ ╝

2025-08-11 13:35:22,788 INFO     ___FILE_ONLY___ ╔════════════════════════════════════════════════════════════╗

2025-08-11 13:35:22,788 INFO     ___FILE_ONLY___ ╠═ Installing: Bundled Python 3.12                          ═╣

2025-08-11 13:35:22,788 INFO     ___FILE_ONLY___ ╚
2025-08-11 13:35:22,792 INFO     ___FILE_ONLY___ ════════════════════════════════════════════════════════════
2025-08-11 13:35:22,792 INFO     ___FILE_ONLY___ ╝

2025-08-11 13:35:22,794 INFO     ___FILE_ONLY___ ╔════════════════════════════════════════════════════════════╗

2025-08-11 13:35:22,794 INFO     ___FILE_ONLY___ ╠═ Installing: Bundled Python 3.12 (Platform Specific)      ═╣

2025-08-11 13:35:22,794 INFO     ___FILE_ONLY___ ╚
2025-08-11 13:35:25,052 INFO     ___FILE_ONLY___ ═
2025-08-11 13:35:25,065 INFO     ___FILE_ONLY___ ═
2025-08-11 13:35:25,078 INFO     ___FILE_ONLY___ ═
2025-08-11 13:35:25,092 INFO     ___FILE_ONLY___ ═
2025-08-11 13:35:25,105 INFO     ___FILE_ONLY___ ═
2025-08-11 13:35:25,119 INFO     ___FILE_ONLY___ ═
2025-08-11 13:35:25,133 INFO     ___FILE_ONLY___ ═
2025-08-11 13:35:25,146 INFO     ___FILE_ONLY___ ═
2025-08-11 13:35:25,159 INFO     ___FILE_ONLY___ ═
2025-08-11 13:35:25,173 INFO     ___FILE_ONLY___ ═
2025-08-11 13:35:25,186 INFO     ___FILE_ONLY___ ═
2025-08-11 13:35:25,200 INFO     ___FILE_ONLY___ ═
2025-08-11 13:35:25,213 INFO     ___FILE_ONLY___ ═
2025-08-11 13:35:25,227 INFO     ___FILE_ONLY___ ═
2025-08-11 13:35:25,241 INFO     ___FILE_ONLY___ ═
2025-08-11 13:35:25,254 INFO     ___FILE_ONLY___ ═
2025-08-11 13:35:25,268 INFO     ___FILE_ONLY___ ═
2025-08-11 13:35:25,281 INFO     ___FILE_ONLY___ ═
2025-08-11 13:35:25,294 INFO     ___FILE_ONLY___ ═
2025-08-11 13:35:25,308 INFO     ___FILE_ONLY___ ═
2025-08-11 13:35:25,322 INFO     ___FILE_ONLY___ ═
2025-08-11 13:35:25,336 INFO     ___FILE_ONLY___ ═
2025-08-11 13:35:25,349 INFO     ___FILE_ONLY___ ═
2025-08-11 13:35:25,363 INFO     ___FILE_ONLY___ ═
2025-08-11 13:35:25,379 INFO     ___FILE_ONLY___ ═
2025-08-11 13:35:25,397 INFO     ___FILE_ONLY___ ═
2025-08-11 13:35:25,410 INFO     ___FILE_ONLY___ ═
2025-08-11 13:35:25,423 INFO     ___FILE_ONLY___ ═
2025-08-11 13:35:25,436 INFO     ___FILE_ONLY___ ═
2025-08-11 13:35:25,450 INFO     ___FILE_ONLY___ ═
2025-08-11 13:35:25,464 INFO     ___FILE_ONLY___ ═
2025-08-11 13:35:25,478 INFO     ___FILE_ONLY___ ═
2025-08-11 13:35:25,492 INFO     ___FILE_ONLY___ ═
2025-08-11 13:35:25,507 INFO     ___FILE_ONLY___ ═
2025-08-11 13:35:25,525 INFO     ___FILE_ONLY___ ═
2025-08-11 13:35:25,541 INFO     ___FILE_ONLY___ ═
2025-08-11 13:35:26,424 INFO     ___FILE_ONLY___ ═
2025-08-11 13:35:26,450 INFO     ___FILE_ONLY___ ═
2025-08-11 13:35:26,959 INFO     ___FILE_ONLY___ ═
2025-08-11 13:35:26,978 INFO     ___FILE_ONLY___ ═
2025-08-11 13:35:27,005 INFO     ___FILE_ONLY___ ═
2025-08-11 13:35:27,038 INFO     ___FILE_ONLY___ ═
2025-08-11 13:35:27,061 INFO     ___FILE_ONLY___ ═
2025-08-11 13:35:27,094 INFO     ___FILE_ONLY___ ═
2025-08-11 13:35:27,116 INFO     ___FILE_ONLY___ ═
2025-08-11 13:35:27,136 INFO     ___FILE_ONLY___ ═
2025-08-11 13:35:27,154 INFO     ___FILE_ONLY___ ═
2025-08-11 13:35:27,172 INFO     ___FILE_ONLY___ ═
2025-08-11 13:35:27,263 INFO     ___FILE_ONLY___ ═
2025-08-11 13:35:27,282 INFO     ___FILE_ONLY___ ═
2025-08-11 13:35:27,425 INFO     ___FILE_ONLY___ ═
2025-08-11 13:35:27,443 INFO     ___FILE_ONLY___ ═
2025-08-11 13:35:27,461 INFO     ___FILE_ONLY___ ═
2025-08-11 13:35:27,479 INFO     ___FILE_ONLY___ ═
2025-08-11 13:35:27,495 INFO     ___FILE_ONLY___ ═
2025-08-11 13:35:27,514 INFO     ___FILE_ONLY___ ═
2025-08-11 13:35:27,532 INFO     ___FILE_ONLY___ ═
2025-08-11 13:35:27,549 INFO     ___FILE_ONLY___ ═
2025-08-11 13:35:27,578 INFO     ___FILE_ONLY___ ═
2025-08-11 13:35:28,079 INFO     ___FILE_ONLY___ ═
2025-08-11 13:35:28,079 INFO     ___FILE_ONLY___ ╝

2025-08-11 13:35:28,131 INFO     ___FILE_ONLY___ ╔════════════════════════════════════════════════════════════╗

2025-08-11 13:35:28,132 INFO     ___FILE_ONLY___ ╠═ Installing: Cloud Storage Command Line Tool              ═╣

2025-08-11 13:35:28,132 INFO     ___FILE_ONLY___ ╚
2025-08-11 13:35:28,689 INFO     ___FILE_ONLY___ ═
2025-08-11 13:35:28,701 INFO     ___FILE_ONLY___ ═
2025-08-11 13:35:28,713 INFO     ___FILE_ONLY___ ═
2025-08-11 13:35:28,724 INFO     ___FILE_ONLY___ ═
2025-08-11 13:35:28,734 INFO     ___FILE_ONLY___ ═
2025-08-11 13:35:28,771 INFO     ___FILE_ONLY___ ═
2025-08-11 13:35:28,785 INFO     ___FILE_ONLY___ ═
2025-08-11 13:35:28,801 INFO     ___FILE_ONLY___ ═
2025-08-11 13:35:28,818 INFO     ___FILE_ONLY___ ═
2025-08-11 13:35:28,834 INFO     ___FILE_ONLY___ ═
2025-08-11 13:35:28,852 INFO     ___FILE_ONLY___ ═
2025-08-11 13:35:28,864 INFO     ___FILE_ONLY___ ═
2025-08-11 13:35:28,877 INFO     ___FILE_ONLY___ ═
2025-08-11 13:35:28,886 INFO     ___FILE_ONLY___ ═
2025-08-11 13:35:28,896 INFO     ___FILE_ONLY___ ═
2025-08-11 13:35:28,914 INFO     ___FILE_ONLY___ ═
2025-08-11 13:35:28,928 INFO     ___FILE_ONLY___ ═
2025-08-11 13:35:28,938 INFO     ___FILE_ONLY___ ═
2025-08-11 13:35:28,950 INFO     ___FILE_ONLY___ ═
2025-08-11 13:35:28,962 INFO     ___FILE_ONLY___ ═
2025-08-11 13:35:28,973 INFO     ___FILE_ONLY___ ═
2025-08-11 13:35:28,986 INFO     ___FILE_ONLY___ ═
2025-08-11 13:35:28,997 INFO     ___FILE_ONLY___ ═
2025-08-11 13:35:29,009 INFO     ___FILE_ONLY___ ═
2025-08-11 13:35:29,019 INFO     ___FILE_ONLY___ ═
2025-08-11 13:35:29,030 INFO     ___FILE_ONLY___ ═
2025-08-11 13:35:29,041 INFO     ___FILE_ONLY___ ═
2025-08-11 13:35:29,055 INFO     ___FILE_ONLY___ ═
2025-08-11 13:35:29,073 INFO     ___FILE_ONLY___ ═
2025-08-11 13:35:29,085 INFO     ___FILE_ONLY___ ═
2025-08-11 13:35:29,098 INFO     ___FILE_ONLY___ ═
2025-08-11 13:35:29,120 INFO     ___FILE_ONLY___ ═
2025-08-11 13:35:29,137 INFO     ___FILE_ONLY___ ═
2025-08-11 13:35:29,156 INFO     ___FILE_ONLY___ ═
2025-08-11 13:35:29,171 INFO     ___FILE_ONLY___ ═
2025-08-11 13:35:29,189 INFO     ___FILE_ONLY___ ═
2025-08-11 13:35:29,199 INFO     ___FILE_ONLY___ ═
2025-08-11 13:35:29,211 INFO     ___FILE_ONLY___ ═
2025-08-11 13:35:29,247 INFO     ___FILE_ONLY___ ═
2025-08-11 13:35:29,262 INFO     ___FILE_ONLY___ ═
2025-08-11 13:35:29,274 INFO     ___FILE_ONLY___ ═
2025-08-11 13:35:29,285 INFO     ___FILE_ONLY___ ═
2025-08-11 13:35:29,295 INFO     ___FILE_ONLY___ ═
2025-08-11 13:35:29,307 INFO     ___FILE_ONLY___ ═
2025-08-11 13:35:29,318 INFO     ___FILE_ONLY___ ═
2025-08-11 13:35:29,329 INFO     ___FILE_ONLY___ ═
2025-08-11 13:35:29,340 INFO     ___FILE_ONLY___ ═
2025-08-11 13:35:29,349 INFO     ___FILE_ONLY___ ═
2025-08-11 13:35:29,360 INFO     ___FILE_ONLY___ ═
2025-08-11 13:35:29,373 INFO     ___FILE_ONLY___ ═
2025-08-11 13:35:29,388 INFO     ___FILE_ONLY___ ═
2025-08-11 13:35:29,402 INFO     ___FILE_ONLY___ ═
2025-08-11 13:35:29,416 INFO     ___FILE_ONLY___ ═
2025-08-11 13:35:29,431 INFO     ___FILE_ONLY___ ═
2025-08-11 13:35:29,444 INFO     ___FILE_ONLY___ ═
2025-08-11 13:35:29,460 INFO     ___FILE_ONLY___ ═
2025-08-11 13:35:29,477 INFO     ___FILE_ONLY___ ═
2025-08-11 13:35:29,500 INFO     ___FILE_ONLY___ ═
2025-08-11 13:35:29,521 INFO     ___FILE_ONLY___ ═
2025-08-11 13:35:29,542 INFO     ___FILE_ONLY___ ═
2025-08-11 13:35:29,542 INFO     ___FILE_ONLY___ ╝

2025-08-11 13:35:29,582 INFO     ___FILE_ONLY___ ╔════════════════════════════════════════════════════════════╗

2025-08-11 13:35:29,582 INFO     ___FILE_ONLY___ ╠═ Installing: Cloud Storage Command Line Tool (Platform... ═╣

2025-08-11 13:35:29,583 INFO     ___FILE_ONLY___ ╚
2025-08-11 13:35:29,584 INFO     ___FILE_ONLY___ ════════════════════════════════════════════════════════════
2025-08-11 13:35:29,584 INFO     ___FILE_ONLY___ ╝

2025-08-11 13:35:29,589 INFO     ___FILE_ONLY___ ╔════════════════════════════════════════════════════════════╗

2025-08-11 13:35:29,589 INFO     ___FILE_ONLY___ ╠═ Installing: Default set of gcloud commands               ═╣

2025-08-11 13:35:29,589 INFO     ___FILE_ONLY___ ╚
2025-08-11 13:35:29,591 INFO     ___FILE_ONLY___ ════════════════════════════════════════════════════════════
2025-08-11 13:35:29,591 INFO     ___FILE_ONLY___ ╝

2025-08-11 13:35:29,593 INFO     ___FILE_ONLY___ ╔════════════════════════════════════════════════════════════╗

2025-08-11 13:35:29,593 INFO     ___FILE_ONLY___ ╠═ Installing: Google Cloud CLI Core Libraries (Platform... ═╣

2025-08-11 13:35:29,593 INFO     ___FILE_ONLY___ ╚
2025-08-11 13:35:29,594 INFO     ___FILE_ONLY___ ══════════════════════════════
2025-08-11 13:35:29,595 INFO     ___FILE_ONLY___ ══════════════════════════════
2025-08-11 13:35:29,595 INFO     ___FILE_ONLY___ ╝

2025-08-11 13:35:29,599 INFO     ___FILE_ONLY___ ╔════════════════════════════════════════════════════════════╗

2025-08-11 13:35:29,599 INFO     ___FILE_ONLY___ ╠═ Installing: Google Cloud CRC32C Hash Tool                ═╣

2025-08-11 13:35:29,599 INFO     ___FILE_ONLY___ ╚
2025-08-11 13:35:29,602 INFO     ___FILE_ONLY___ ════════════════════════════════════════════════════════════
2025-08-11 13:35:29,602 INFO     ___FILE_ONLY___ ╝

2025-08-11 13:35:29,604 INFO     ___FILE_ONLY___ ╔════════════════════════════════════════════════════════════╗

2025-08-11 13:35:29,604 INFO     ___FILE_ONLY___ ╠═ Installing: Google Cloud CRC32C Hash Tool (Platform S... ═╣

2025-08-11 13:35:29,604 INFO     ___FILE_ONLY___ ╚
2025-08-11 13:35:29,650 INFO     ___FILE_ONLY___ ══════════════════════════════
2025-08-11 13:35:29,650 INFO     ___FILE_ONLY___ ══════════════════════════════
2025-08-11 13:35:29,650 INFO     ___FILE_ONLY___ ╝

2025-08-11 13:35:29,656 INFO     ___FILE_ONLY___ ╔════════════════════════════════════════════════════════════╗

2025-08-11 13:35:29,657 INFO     ___FILE_ONLY___ ╠═ Installing: gcloud cli dependencies (Platform Specific)  ═╣

2025-08-11 13:35:29,657 INFO     ___FILE_ONLY___ ╚
2025-08-11 13:35:29,657 INFO     ___FILE_ONLY___ ════════════════════════════════════════════════════════════
2025-08-11 13:35:29,657 INFO     ___FILE_ONLY___ ╝

2025-08-11 13:35:29,662 DEBUG    root            Updating notification cache...
2025-08-11 13:35:29,663 INFO     ___FILE_ONLY___ 

2025-08-11 13:35:29,665 INFO     ___FILE_ONLY___ Performing post processing steps...
2025-08-11 13:35:29,665 DEBUG    root            Executing command: ['/tools/google-cloud-sdk/bin/gcloud', 'components', 'post-process']
2025-08-11 13:35:38,325 DEBUG    ___FILE_ONLY___ 
2025-08-11 13:35:38,325 DEBUG    ___FILE_ONLY___ 
2025-08-11 13:35:38,433 INFO     root            descriptor_list: [{'universeDomain': 'googleapis.com', 'universeShortName': '', 'authenticationDomain': 'auth.cloud.google.com', 'projectPrefix': '', 'cloudWebDomain': 'cloud.google.com', 'documentationDomain': 'cloud.google.com', 'version': '1.0.0', 'state': 'primary', 'artifactRegistryDomain': 'pkg.dev'}]
2025-08-11 13:35:38,433 INFO     ___FILE_ONLY___ 
Update done!


2025-08-11 13:35:38,436 DEBUG    root            Chosen display Format:none
2025-08-11 13:35:38,436 INFO     root            Display format: "none"
